<?xml version="1.0" ?>
<!DOCTYPE coverage SYSTEM "http://cobertura.sourceforge.net/xml/coverage-04.dtd">
<coverage lines-valid="46" lines-covered="41" line-rate="0.8913" branches-valid="10" branches-covered="8" branch-rate="0.8" timestamp="1737319968443" complexity="0" version="0.1">
  <sources>
    <source>C:\Users\andon\OneDrive\Desktop\se_repo\Dana_aplication_4\Dana\Server</source>
  </sources>
  <packages>
    <package name="Server" line-rate="0" branch-rate="1">
      <classes>
        <class name="jest.setup.js" filename="jest.setup.js" line-rate="0" branch-rate="1">
          <methods>
          </methods>
          <lines>
            <line number="2" hits="0" branch="false"/>
          </lines>
        </class>
        <class name="setupTest.js" filename="setupTest.js" line-rate="0" branch-rate="0">
          <methods>
          </methods>
          <lines>
          </lines>
        </class>
      </classes>
    </package>
    <package name="Server.models" line-rate="1" branch-rate="1">
      <classes>
        <class name="Donacion.js" filename="models\Donacion.js" line-rate="0" branch-rate="0">
          <methods>
          </methods>
          <lines>
          </lines>
        </class>
        <class name="Formulario.js" filename="models\Formulario.js" line-rate="0" branch-rate="0">
          <methods>
          </methods>
          <lines>
          </lines>
        </class>
        <class name="Peticion.js" filename="models\Peticion.js" line-rate="0" branch-rate="0">
          <methods>
          </methods>
          <lines>
          </lines>
        </class>
      </classes>
    </package>
    <package name="Server.routes" line-rate="1" branch-rate="1">
      <classes>
        <class name="donacionRoutes.js" filename="routes\donacionRoutes.js" line-rate="0" branch-rate="0">
          <methods>
          </methods>
          <lines>
          </lines>
        </class>
        <class name="formularioRoutes.js" filename="routes\formularioRoutes.js" line-rate="0" branch-rate="0">
          <methods>
          </methods>
          <lines>
          </lines>
        </class>
        <class name="peticionRoutes.js" filename="routes\peticionRoutes.js" line-rate="0" branch-rate="0">
          <methods>
          </methods>
          <lines>
          </lines>
        </class>
      </classes>
    </package>
    <package name="Server.src" line-rate="0.9111" branch-rate="0.8">
      <classes>
        <class name="index.js" filename="src\index.js" line-rate="0.9111" branch-rate="0.8">
          <methods>
            <method name="(anonymous_0)" hits="2" signature="()V">
              <lines>
                <line number="30" hits="2"/>
              </lines>
            </method>
            <method name="(anonymous_1)" hits="0" signature="()V">
              <lines>
                <line number="31" hits="0"/>
              </lines>
            </method>
            <method name="(anonymous_2)" hits="5" signature="()V">
              <lines>
                <line number="45" hits="5"/>
              </lines>
            </method>
            <method name="(anonymous_3)" hits="2" signature="()V">
              <lines>
                <line number="70" hits="2"/>
              </lines>
            </method>
            <method name="(anonymous_4)" hits="0" signature="()V">
              <lines>
                <line number="93" hits="0"/>
              </lines>
            </method>
            <method name="(anonymous_5)" hits="0" signature="()V">
              <lines>
                <line number="99" hits="0"/>
              </lines>
            </method>
          </methods>
          <lines>
            <line number="1" hits="2" branch="false"/>
            <line number="2" hits="2" branch="false"/>
            <line number="3" hits="2" branch="false"/>
            <line number="4" hits="2" branch="false"/>
            <line number="5" hits="2" branch="false"/>
            <line number="6" hits="2" branch="false"/>
            <line number="8" hits="2" branch="false"/>
            <line number="9" hits="2" branch="true" condition-coverage="100% (2/2)"/>
            <line number="11" hits="2" branch="false"/>
            <line number="14" hits="2" branch="false"/>
            <line number="20" hits="2" branch="false"/>
            <line number="21" hits="2" branch="false"/>
            <line number="24" hits="2" branch="true" condition-coverage="50% (1/2)"/>
            <line number="25" hits="2" branch="false"/>
            <line number="30" hits="2" branch="false"/>
            <line number="31" hits="0" branch="false"/>
            <line number="34" hits="2" branch="false"/>
            <line number="42" hits="2" branch="false"/>
            <line number="45" hits="2" branch="false"/>
            <line number="46" hits="5" branch="false"/>
            <line number="47" hits="5" branch="false"/>
            <line number="48" hits="5" branch="false"/>
            <line number="49" hits="5" branch="false"/>
            <line number="50" hits="2" branch="false"/>
            <line number="52" hits="3" branch="true" condition-coverage="100% (2/2)"/>
            <line number="53" hits="2" branch="false"/>
            <line number="55" hits="1" branch="false"/>
            <line number="56" hits="1" branch="false"/>
            <line number="60" hits="2" branch="false"/>
            <line number="67" hits="2" branch="false"/>
            <line number="70" hits="2" branch="false"/>
            <line number="71" hits="2" branch="false"/>
            <line number="72" hits="2" branch="false"/>
            <line number="73" hits="2" branch="false"/>
            <line number="81" hits="2" branch="false"/>
            <line number="82" hits="1" branch="false"/>
            <line number="84" hits="1" branch="false"/>
            <line number="85" hits="1" branch="false"/>
            <line number="90" hits="2" branch="false"/>
            <line number="93" hits="2" branch="false"/>
            <line number="94" hits="0" branch="false"/>
            <line number="98" hits="2" branch="true" condition-coverage="50% (1/2)"/>
            <line number="99" hits="0" branch="false"/>
            <line number="100" hits="0" branch="false"/>
            <line number="105" hits="2" branch="false"/>
          </lines>
        </class>
      </classes>
    </package>
  </packages>
</coverage>
