<?xml version="1.0" ?>
<!DOCTYPE coverage SYSTEM "http://cobertura.sourceforge.net/xml/coverage-04.dtd">
<coverage lines-valid="43" lines-covered="38" line-rate="0.8837" branches-valid="4" branches-covered="3" branch-rate="0.75" timestamp="1737207584731" complexity="0" version="0.1">
  <sources>
    <source>C:\Users\andon\OneDrive\Desktop\se_repo\Dana_aplication_4\Dana\Server</source>
  </sources>
  <packages>
    <package name="Server" line-rate="0" branch-rate="1">
      <classes>
        <class name="jest.setup.js" filename="jest.setup.js" line-rate="0" branch-rate="1">
          <methods>
          </methods>
          <lines>
            <line number="2" hits="0" branch="false"/>
          </lines>
        </class>
        <class name="setupTest.js" filename="setupTest.js" line-rate="0" branch-rate="0">
          <methods>
          </methods>
          <lines>
          </lines>
        </class>
      </classes>
    </package>
    <package name="Server.models" line-rate="1" branch-rate="1">
      <classes>
        <class name="Donacion.js" filename="models\Donacion.js" line-rate="0" branch-rate="0">
          <methods>
          </methods>
          <lines>
          </lines>
        </class>
        <class name="Formulario.js" filename="models\Formulario.js" line-rate="0" branch-rate="0">
          <methods>
          </methods>
          <lines>
          </lines>
        </class>
        <class name="Peticion.js" filename="models\Peticion.js" line-rate="0" branch-rate="0">
          <methods>
          </methods>
          <lines>
          </lines>
        </class>
      </classes>
    </package>
    <package name="Server.routes" line-rate="1" branch-rate="1">
      <classes>
        <class name="donacionRoutes.js" filename="routes\donacionRoutes.js" line-rate="0" branch-rate="0">
          <methods>
          </methods>
          <lines>
          </lines>
        </class>
        <class name="formularioRoutes.js" filename="routes\formularioRoutes.js" line-rate="0" branch-rate="0">
          <methods>
          </methods>
          <lines>
          </lines>
        </class>
        <class name="peticionRoutes.js" filename="routes\peticionRoutes.js" line-rate="0" branch-rate="0">
          <methods>
          </methods>
          <lines>
          </lines>
        </class>
      </classes>
    </package>
    <package name="Server.src" line-rate="0.9047" branch-rate="0.75">
      <classes>
        <class name="index.js" filename="src\index.js" line-rate="0.9047" branch-rate="0.75">
          <methods>
            <method name="(anonymous_0)" hits="2" signature="()V">
              <lines>
                <line number="24" hits="2"/>
              </lines>
            </method>
            <method name="(anonymous_1)" hits="0" signature="()V">
              <lines>
                <line number="25" hits="0"/>
              </lines>
            </method>
            <method name="(anonymous_2)" hits="5" signature="()V">
              <lines>
                <line number="39" hits="5"/>
              </lines>
            </method>
            <method name="(anonymous_3)" hits="2" signature="()V">
              <lines>
                <line number="69" hits="2"/>
              </lines>
            </method>
            <method name="(anonymous_4)" hits="0" signature="()V">
              <lines>
                <line number="99" hits="0"/>
              </lines>
            </method>
            <method name="(anonymous_5)" hits="0" signature="()V">
              <lines>
                <line number="105" hits="0"/>
              </lines>
            </method>
          </methods>
          <lines>
            <line number="1" hits="2" branch="false"/>
            <line number="2" hits="2" branch="false"/>
            <line number="3" hits="2" branch="false"/>
            <line number="4" hits="2" branch="false"/>
            <line number="5" hits="2" branch="false"/>
            <line number="7" hits="2" branch="false"/>
            <line number="8" hits="2" branch="false"/>
            <line number="11" hits="2" branch="false"/>
            <line number="18" hits="2" branch="false"/>
            <line number="19" hits="2" branch="false"/>
            <line number="22" hits="2" branch="false"/>
            <line number="24" hits="2" branch="false"/>
            <line number="25" hits="0" branch="false"/>
            <line number="28" hits="2" branch="false"/>
            <line number="36" hits="2" branch="false"/>
            <line number="39" hits="2" branch="false"/>
            <line number="40" hits="5" branch="false"/>
            <line number="41" hits="5" branch="false"/>
            <line number="43" hits="5" branch="false"/>
            <line number="45" hits="5" branch="false"/>
            <line number="47" hits="2" branch="false"/>
            <line number="50" hits="3" branch="true" condition-coverage="100% (2/2)"/>
            <line number="51" hits="2" branch="false"/>
            <line number="54" hits="1" branch="false"/>
            <line number="55" hits="1" branch="false"/>
            <line number="59" hits="2" branch="false"/>
            <line number="66" hits="2" branch="false"/>
            <line number="69" hits="2" branch="false"/>
            <line number="70" hits="2" branch="false"/>
            <line number="71" hits="2" branch="false"/>
            <line number="73" hits="2" branch="false"/>
            <line number="83" hits="2" branch="false"/>
            <line number="86" hits="1" branch="false"/>
            <line number="88" hits="1" branch="false"/>
            <line number="90" hits="1" branch="false"/>
            <line number="96" hits="2" branch="false"/>
            <line number="99" hits="2" branch="false"/>
            <line number="100" hits="0" branch="false"/>
            <line number="104" hits="2" branch="true" condition-coverage="50% (1/2)"/>
            <line number="105" hits="0" branch="false"/>
            <line number="106" hits="0" branch="false"/>
            <line number="111" hits="2" branch="false"/>
          </lines>
        </class>
      </classes>
    </package>
  </packages>
</coverage>
