TN:
SF:jest.setup.js
FNF:0
FNH:0
DA:2,0
LF:1
LH:0
BRF:0
BRH:0
end_of_record
TN:
SF:setupTest.js
FNF:0
FNH:0
LF:0
LH:0
BRF:0
BRH:0
end_of_record
TN:
SF:models\Donacion.js
FNF:0
FNH:0
LF:0
LH:0
BRF:0
BRH:0
end_of_record
TN:
SF:models\Formulario.js
FNF:0
FNH:0
LF:0
LH:0
BRF:0
BRH:0
end_of_record
TN:
SF:models\Peticion.js
FNF:0
FNH:0
LF:0
LH:0
BRF:0
BRH:0
end_of_record
TN:
SF:routes\donacionRoutes.js
FNF:0
FNH:0
LF:0
LH:0
BRF:0
BRH:0
end_of_record
TN:
SF:routes\formularioRoutes.js
FNF:0
FNH:0
LF:0
LH:0
BRF:0
BRH:0
end_of_record
TN:
SF:routes\peticionRoutes.js
FNF:0
FNH:0
LF:0
LH:0
BRF:0
BRH:0
end_of_record
TN:
SF:src\index.js
FN:24,(anonymous_0)
FN:25,(anonymous_1)
FN:39,(anonymous_2)
FN:69,(anonymous_3)
FN:99,(anonymous_4)
FN:105,(anonymous_5)
FNF:6
FNH:3
FNDA:2,(anonymous_0)
FNDA:0,(anonymous_1)
FNDA:5,(anonymous_2)
FNDA:2,(anonymous_3)
FNDA:0,(anonymous_4)
FNDA:0,(anonymous_5)
DA:1,2
DA:2,2
DA:3,2
DA:4,2
DA:5,2
DA:7,2
DA:8,2
DA:11,2
DA:18,2
DA:19,2
DA:22,2
DA:24,2
DA:25,0
DA:28,2
DA:36,2
DA:39,2
DA:40,5
DA:41,5
DA:43,5
DA:45,5
DA:47,2
DA:50,3
DA:51,2
DA:54,1
DA:55,1
DA:59,2
DA:66,2
DA:69,2
DA:70,2
DA:71,2
DA:73,2
DA:83,2
DA:86,1
DA:88,1
DA:90,1
DA:96,2
DA:99,2
DA:100,0
DA:104,2
DA:105,0
DA:106,0
DA:111,2
LF:42
LH:38
BRDA:50,0,0,2
BRDA:50,0,1,1
BRDA:104,1,0,0
BRDA:104,1,1,2
BRF:4
BRH:3
end_of_record
