TN:
SF:jest.setup.js
FNF:0
FNH:0
DA:2,0
LF:1
LH:0
BRF:0
BRH:0
end_of_record
TN:
SF:setupTest.js
FNF:0
FNH:0
LF:0
LH:0
BRF:0
BRH:0
end_of_record
TN:
SF:models\Donacion.js
FNF:0
FNH:0
LF:0
LH:0
BRF:0
BRH:0
end_of_record
TN:
SF:models\Formulario.js
FNF:0
FNH:0
LF:0
LH:0
BRF:0
BRH:0
end_of_record
TN:
SF:models\Peticion.js
FNF:0
FNH:0
LF:0
LH:0
BRF:0
BRH:0
end_of_record
TN:
SF:routes\donacionRoutes.js
FNF:0
FNH:0
LF:0
LH:0
BRF:0
BRH:0
end_of_record
TN:
SF:routes\formularioRoutes.js
FNF:0
FNH:0
LF:0
LH:0
BRF:0
BRH:0
end_of_record
TN:
SF:routes\peticionRoutes.js
FNF:0
FNH:0
LF:0
LH:0
BRF:0
BRH:0
end_of_record
TN:
SF:src\index.js
FN:26,(anonymous_0)
FN:27,(anonymous_1)
FN:41,(anonymous_2)
FN:71,(anonymous_3)
FN:101,(anonymous_4)
FN:107,(anonymous_5)
FNF:6
FNH:3
FNDA:2,(anonymous_0)
FNDA:0,(anonymous_1)
FNDA:5,(anonymous_2)
FNDA:2,(anonymous_3)
FNDA:0,(anonymous_4)
FNDA:0,(anonymous_5)
DA:1,2
DA:2,2
DA:3,2
DA:4,2
DA:5,2
DA:7,2
DA:8,2
DA:10,2
DA:13,2
DA:20,2
DA:21,2
DA:24,2
DA:26,2
DA:27,0
DA:30,2
DA:38,2
DA:41,2
DA:42,5
DA:43,5
DA:45,5
DA:47,5
DA:49,2
DA:52,3
DA:53,2
DA:56,1
DA:57,1
DA:61,2
DA:68,2
DA:71,2
DA:72,2
DA:73,2
DA:75,2
DA:85,2
DA:88,1
DA:90,1
DA:92,1
DA:98,2
DA:101,2
DA:102,0
DA:106,2
DA:107,0
DA:108,0
DA:113,2
LF:43
LH:39
BRDA:52,0,0,2
BRDA:52,0,1,1
BRDA:106,1,0,0
BRDA:106,1,1,2
BRF:4
BRH:3
end_of_record
