TN:
SF:eslint.config.js
FNF:0
FNH:0
LF:0
LH:0
BRF:0
BRH:0
end_of_record
TN:
SF:setupTests.js
FNF:0
FNH:0
LF:0
LH:0
BRF:0
BRH:0
end_of_record
TN:
SF:vite.config.js
FNF:0
FNH:0
LF:0
LH:0
BRF:0
BRH:0
end_of_record
TN:
SF:src\App.jsx
FN:10,App
FNF:1
FNH:1
FNDA:2,App
DA:12,2
LF:1
LH:1
BRF:0
BRH:0
end_of_record
TN:
SF:src\Comentarios.jsx
FN:3,Comentarios
FN:8,(anonymous_1)
FN:10,(anonymous_2)
FN:16,(anonymous_3)
FN:25,(anonymous_4)
FN:33,(anonymous_5)
FN:67,(anonymous_6)
FNF:7
FNH:7
FNDA:14,Comentarios
FNDA:4,(anonymous_1)
FNDA:4,(anonymous_2)
FNDA:4,(anonymous_3)
FNDA:2,(anonymous_4)
FNDA:8,(anonymous_5)
FNDA:2,(anonymous_6)
DA:4,14
DA:5,14
DA:6,14
DA:8,14
DA:9,4
DA:10,4
DA:16,14
DA:17,4
DA:20,4
DA:21,2
DA:22,2
DA:25,2
DA:29,2
DA:30,2
DA:33,14
DA:34,8
DA:35,2
DA:39,14
DA:68,2
LF:19
LH:19
BRDA:20,0,0,2
BRDA:20,0,1,2
BRDA:20,1,0,4
BRDA:20,1,1,2
BRDA:34,2,0,2
BRDA:34,2,1,6
BRDA:61,3,0,14
BRDA:61,3,1,2
BRF:8
BRH:8
end_of_record
TN:
SF:src\Cuestionario.jsx
FN:4,Cuestionario
FN:11,(anonymous_1)
FNF:2
FNH:2
FNDA:73,Cuestionario
FNDA:3,(anonymous_1)
DA:5,73
DA:11,3
DA:20,5
LF:3
LH:3
BRF:0
BRH:0
end_of_record
TN:
SF:src\Donar.jsx
FN:3,(anonymous_0)
FN:20,Donar
FN:32,(anonymous_2)
FN:34,(anonymous_3)
FN:40,(anonymous_4)
FNF:5
FNH:5
FNDA:7,(anonymous_0)
FNDA:21,Donar
FNDA:12,(anonymous_2)
FNDA:12,(anonymous_3)
FNDA:4,(anonymous_4)
DA:3,4
DA:4,7
DA:6,7
DA:7,7
DA:8,3
DA:9,4
DA:10,1
DA:12,7
DA:13,7
DA:14,3
DA:15,7
DA:17,7
DA:21,21
DA:30,21
DA:32,21
DA:33,12
DA:34,12
DA:40,21
DA:41,4
DA:42,4
DA:44,4
DA:45,2
DA:46,2
DA:49,2
DA:51,2
DA:57,2
DA:58,1
DA:61,1
DA:62,1
DA:65,1
DA:68,1
DA:76,1
DA:78,1
DA:79,1
DA:83,21
LF:35
LH:35
BRDA:6,0,0,3
BRDA:6,0,1,4
BRDA:7,1,0,3
BRDA:7,1,1,4
BRDA:9,2,0,1
BRDA:9,2,1,3
BRDA:12,3,0,3
BRDA:12,3,1,4
BRDA:13,4,0,3
BRDA:13,4,1,4
BRDA:13,5,0,7
BRDA:13,5,1,4
BRDA:15,6,0,3
BRDA:15,6,1,4
BRDA:44,7,0,2
BRDA:44,7,1,2
BRDA:57,8,0,1
BRDA:57,8,1,1
BRDA:95,9,0,21
BRDA:95,9,1,3
BRDA:106,10,0,21
BRDA:106,10,1,3
BRDA:122,11,0,21
BRDA:122,11,1,3
BRDA:142,12,0,21
BRDA:142,12,1,3
BRDA:154,13,0,21
BRDA:154,13,1,3
BRF:28
BRH:28
end_of_record
TN:
SF:src\Footer.jsx
FN:3,(anonymous_0)
FNF:1
FNH:1
FNDA:3,(anonymous_0)
DA:3,3
DA:4,3
LF:2
LH:2
BRF:0
BRH:0
end_of_record
TN:
SF:src\Header.jsx
FN:3,(anonymous_0)
FNF:1
FNH:1
FNDA:4,(anonymous_0)
DA:3,3
DA:5,4
LF:2
LH:2
BRF:0
BRH:0
end_of_record
TN:
SF:src\Home.jsx
FN:4,(anonymous_0)
FN:14,(anonymous_1)
FN:21,(anonymous_2)
FN:22,(anonymous_3)
FN:35,(anonymous_4)
FN:37,(anonymous_5)
FN:43,(anonymous_6)
FN:79,(anonymous_7)
FN:84,(anonymous_8)
FNF:9
FNH:9
FNDA:18,(anonymous_0)
FNDA:72,(anonymous_1)
FNDA:2,(anonymous_2)
FNDA:2,(anonymous_3)
FNDA:9,(anonymous_4)
FNDA:9,(anonymous_5)
FNDA:3,(anonymous_6)
FNDA:72,(anonymous_7)
FNDA:2,(anonymous_8)
DA:4,4
DA:5,18
DA:13,18
DA:15,72
DA:16,72
DA:21,18
DA:22,2
DA:28,18
DA:35,18
DA:36,9
DA:37,9
DA:43,18
DA:44,3
DA:47,3
DA:54,3
DA:55,3
DA:63,2
DA:64,1
DA:65,1
DA:67,1
DA:70,1
DA:71,1
DA:76,18
DA:80,72
DA:84,2
LF:25
LH:25
BRDA:63,0,0,1
BRDA:63,0,1,1
BRF:2
BRH:2
end_of_record
TN:
SF:src\main.jsx
FNF:0
FNH:0
DA:8,0
LF:1
LH:0
BRF:0
BRH:0
end_of_record
