TN:
SF:src\Comentarios.jsx
FN:3,Comentarios
FN:8,(anonymous_1)
FN:10,(anonymous_2)
FN:16,(anonymous_3)
FN:25,(anonymous_4)
FN:33,(anonymous_5)
FN:67,(anonymous_6)
FNF:7
FNH:0
FNDA:0,Comentarios
FNDA:0,(anonymous_1)
FNDA:0,(anonymous_2)
FNDA:0,(anonymous_3)
FNDA:0,(anonymous_4)
FNDA:0,(anonymous_5)
FNDA:0,(anonymous_6)
DA:4,0
DA:5,0
DA:6,0
DA:8,0
DA:9,0
DA:10,0
DA:16,0
DA:17,0
DA:20,0
DA:21,0
DA:22,0
DA:25,0
DA:29,0
DA:30,0
DA:33,0
DA:34,0
DA:35,0
DA:39,0
DA:68,0
LF:19
LH:0
BRDA:20,0,0,0
BRDA:20,0,1,0
BRDA:20,1,0,0
BRDA:20,1,1,0
BRDA:34,2,0,0
BRDA:34,2,1,0
BRDA:61,3,0,0
BRDA:61,3,1,0
BRF:8
BRH:0
end_of_record
TN:
SF:src\Donar.jsx
FN:3,(anonymous_0)
FN:20,Donar
FN:32,(anonymous_2)
FN:34,(anonymous_3)
FN:40,(anonymous_4)
FNF:5
FNH:1
FNDA:3,(anonymous_0)
FNDA:0,Donar
FNDA:0,(anonymous_2)
FNDA:0,(anonymous_3)
FNDA:0,(anonymous_4)
DA:3,2
DA:4,3
DA:6,3
DA:7,3
DA:8,1
DA:9,2
DA:10,1
DA:12,3
DA:13,3
DA:14,1
DA:15,3
DA:17,3
DA:21,0
DA:30,0
DA:32,0
DA:33,0
DA:34,0
DA:40,0
DA:41,0
DA:42,0
DA:44,0
DA:45,0
DA:46,0
DA:49,0
DA:51,0
DA:57,0
DA:58,0
DA:61,0
DA:62,0
DA:65,0
DA:68,0
DA:76,0
DA:78,0
DA:79,0
DA:83,0
LF:35
LH:12
BRDA:6,0,0,1
BRDA:6,0,1,2
BRDA:7,1,0,1
BRDA:7,1,1,2
BRDA:9,2,0,1
BRDA:9,2,1,1
BRDA:12,3,0,1
BRDA:12,3,1,2
BRDA:13,4,0,1
BRDA:13,4,1,2
BRDA:13,5,0,3
BRDA:13,5,1,2
BRDA:15,6,0,1
BRDA:15,6,1,2
BRDA:44,7,0,0
BRDA:44,7,1,0
BRDA:57,8,0,0
BRDA:57,8,1,0
BRDA:96,9,0,0
BRDA:96,9,1,0
BRDA:108,10,0,0
BRDA:108,10,1,0
BRDA:125,11,0,0
BRDA:125,11,1,0
BRDA:147,12,0,0
BRDA:147,12,1,0
BRDA:159,13,0,0
BRDA:159,13,1,0
BRF:28
BRH:14
end_of_record
